# JRE version: OpenJDK Runtime Environment (11.0.13) (build 11.0.13+0-b1751.21-8125866)
# Java VM: OpenJDK 64-Bit Server VM (11.0.13+0-b1751.21-8125866, mixed mode, tiered, compressed oops, g1 gc, windows-amd64)
Heap:
 garbage-first heap   total 279552K, used 228864K [0x0000000080000000, 0x0000000100000000)
  region size 1024K, 8 young (8192K), 4 survivors (4096K)
 Metaspace       used 147411K, capacity 152759K, committed 157696K, reserved 1185792K
  class space    used 18210K, capacity 20090K, committed 20736K, reserved 1048576K
GC Heap History (20 events):
Event: 3905.680 GC heap before
{Heap before GC invocations=144 (full 0):
 garbage-first heap   total 279552K, used 232137K [0x0000000080000000, 0x0000000100000000)
  region size 1024K, 31 young (31744K), 5 survivors (5120K)
 Metaspace       used 149580K, capacity 155094K, committed 155136K, reserved 1183744K
  class space    used 18523K, capacity 20445K, committed 20480K, reserved 1048576K
}
Event: 3905.687 GC heap after
{Heap after GC invocations=145 (full 0):
 garbage-first heap   total 279552K, used 191689K [0x0000000080000000, 0x0000000100000000)
  region size 1024K, 2 young (2048K), 2 survivors (2048K)
 Metaspace       used 149580K, capacity 155094K, committed 155136K, reserved 1183744K
  class space    used 18523K, capacity 20445K, committed 20480K, reserved 1048576K
}
Event: 3906.410 GC heap before
{Heap before GC invocations=145 (full 0):
 garbage-first heap   total 279552K, used 201929K [0x0000000080000000, 0x0000000100000000)
  region size 1024K, 13 young (13312K), 2 survivors (2048K)
 Metaspace       used 150037K, capacity 155564K, committed 155776K, reserved 1183744K
  class space    used 18580K, capacity 20513K, committed 20608K, reserved 1048576K
}
Event: 3906.418 GC heap after
{Heap after GC invocations=146 (full 0):
 garbage-first heap   total 279552K, used 188736K [0x0000000080000000, 0x0000000100000000)
  region size 1024K, 2 young (2048K), 2 survivors (2048K)
 Metaspace       used 150037K, capacity 155564K, committed 155776K, reserved 1183744K
  class space    used 18580K, capacity 20513K, committed 20608K, reserved 1048576K
}
Event: 3906.868 GC heap before
{Heap before GC invocations=146 (full 0):
 garbage-first heap   total 279552K, used 219456K [0x0000000080000000, 0x0000000100000000)
  region size 1024K, 33 young (33792K), 2 survivors (2048K)
 Metaspace       used 150484K, capacity 155920K, committed 156032K, reserved 1185792K
  class space    used 18632K, capacity 20549K, committed 20608K, reserved 1048576K
}
Event: 3906.883 GC heap after
{Heap after GC invocations=147 (full 0):
 garbage-first heap   total 279552K, used 192025K [0x0000000080000000, 0x0000000100000000)
  region size 1024K, 5 young (5120K), 5 survivors (5120K)
 Metaspace       used 150484K, capacity 155920K, committed 156032K, reserved 1185792K
  class space    used 18632K, capacity 20549K, committed 20608K, reserved 1048576K
}
Event: 3907.074 GC heap before
{Heap before GC invocations=147 (full 0):
 garbage-first heap   total 279552K, used 224793K [0x0000000080000000, 0x0000000100000000)
  region size 1024K, 37 young (37888K), 5 survivors (5120K)
 Metaspace       used 151121K, capacity 156570K, committed 156928K, reserved 1185792K
  class space    used 18710K, capacity 20615K, committed 20736K, reserved 1048576K
}
Event: 3907.080 GC heap after
{Heap after GC invocations=148 (full 0):
 garbage-first heap   total 279552K, used 192901K [0x0000000080000000, 0x0000000100000000)
  region size 1024K, 2 young (2048K), 2 survivors (2048K)
 Metaspace       used 151121K, capacity 156570K, committed 156928K, reserved 1185792K
  class space    used 18710K, capacity 20615K, committed 20736K, reserved 1048576K
}
Event: 3907.337 GC heap before
{Heap before GC invocations=149 (full 0):
 garbage-first heap   total 279552K, used 223621K [0x0000000080000000, 0x0000000100000000)
  region size 1024K, 35 young (35840K), 2 survivors (2048K)
 Metaspace       used 151631K, capacity 157107K, committed 157184K, reserved 1185792K
  class space    used 18774K, capacity 20683K, committed 20736K, reserved 1048576K
}
Event: 3907.342 GC heap after
{Heap after GC invocations=150 (full 0):
 garbage-first heap   total 279552K, used 192942K [0x0000000080000000, 0x0000000100000000)
  region size 1024K, 4 young (4096K), 4 survivors (4096K)
 Metaspace       used 151631K, capacity 157107K, committed 157184K, reserved 1185792K
  class space    used 18774K, capacity 20683K, committed 20736K, reserved 1048576K
}
Event: 3907.402 GC heap before
{Heap before GC invocations=150 (full 0):
 garbage-first heap   total 279552K, used 202158K [0x0000000080000000, 0x0000000100000000)
  region size 1024K, 13 young (13312K), 4 survivors (4096K)
 Metaspace       used 151656K, capacity 157109K, committed 157184K, reserved 1185792K
  class space    used 18774K, capacity 20683K, committed 20736K, reserved 1048576K
}
Event: 3907.414 GC heap after
{Heap after GC invocations=151 (full 0):
 garbage-first heap   total 279552K, used 180486K [0x0000000080000000, 0x0000000100000000)
  region size 1024K, 2 young (2048K), 2 survivors (2048K)
 Metaspace       used 151656K, capacity 157109K, committed 157184K, reserved 1185792K
  class space    used 18774K, capacity 20683K, committed 20736K, reserved 1048576K
}
Event: 4210.209 GC heap before
{Heap before GC invocations=151 (full 0):
 garbage-first heap   total 279552K, used 222470K [0x0000000080000000, 0x0000000100000000)
  region size 1024K, 44 young (45056K), 2 survivors (2048K)
 Metaspace       used 151952K, capacity 157564K, committed 157696K, reserved 1185792K
  class space    used 18805K, capacity 20733K, committed 20736K, reserved 1048576K
}
Event: 4210.223 GC heap after
{Heap after GC invocations=152 (full 0):
 garbage-first heap   total 279552K, used 183010K [0x0000000080000000, 0x0000000100000000)
  region size 1024K, 4 young (4096K), 4 survivors (4096K)
 Metaspace       used 151952K, capacity 157564K, committed 157696K, reserved 1185792K
  class space    used 18805K, capacity 20733K, committed 20736K, reserved 1048576K
}
Event: 4210.667 GC heap before
{Heap before GC invocations=153 (full 0):
 garbage-first heap   total 279552K, used 228066K [0x0000000080000000, 0x0000000100000000)
  region size 1024K, 47 young (48128K), 4 survivors (4096K)
 Metaspace       used 147396K, capacity 152695K, committed 157696K, reserved 1185792K
  class space    used 18210K, capacity 20090K, committed 20736K, reserved 1048576K
}
Event: 4210.681 GC heap after
{Heap after GC invocations=154 (full 0):
 garbage-first heap   total 279552K, used 194937K [0x0000000080000000, 0x0000000100000000)
  region size 1024K, 6 young (6144K), 6 survivors (6144K)
 Metaspace       used 147396K, capacity 152695K, committed 157696K, reserved 1185792K
  class space    used 18210K, capacity 20090K, committed 20736K, reserved 1048576K
}
Event: 4210.697 GC heap before
{Heap before GC invocations=154 (full 0):
 garbage-first heap   total 279552K, used 202105K [0x0000000080000000, 0x0000000100000000)
  region size 1024K, 13 young (13312K), 6 survivors (6144K)
 Metaspace       used 147398K, capacity 152695K, committed 157696K, reserved 1185792K
  class space    used 18210K, capacity 20090K, committed 20736K, reserved 1048576K
}
Event: 4210.719 GC heap after
{Heap after GC invocations=155 (full 0):
 garbage-first heap   total 279552K, used 199399K [0x0000000080000000, 0x0000000100000000)
  region size 1024K, 2 young (2048K), 2 survivors (2048K)
 Metaspace       used 147398K, capacity 152695K, committed 157696K, reserved 1185792K
  class space    used 18210K, capacity 20090K, committed 20736K, reserved 1048576K
}
Event: 4210.823 GC heap before
{Heap before GC invocations=155 (full 0):
 garbage-first heap   total 279552K, used 218855K [0x0000000080000000, 0x0000000100000000)
  region size 1024K, 23 young (23552K), 2 survivors (2048K)
 Metaspace       used 147407K, capacity 152695K, committed 157696K, reserved 1185792K
  class space    used 18210K, capacity 20090K, committed 20736K, reserved 1048576K
}
Event: 4210.838 GC heap after
{Heap after GC invocations=156 (full 0):
 garbage-first heap   total 279552K, used 209408K [0x0000000080000000, 0x0000000100000000)
  region size 1024K, 4 young (4096K), 4 survivors (4096K)
 Metaspace       used 147407K, capacity 152695K, committed 157696K, reserved 1185792K
  class space    used 18210K, capacity 20090K, committed 20736K, reserved 1048576K
}

